<?xml version="1.0" encoding="UTF-8"?>
<testng-results ignored="0" total="4" passed="4" failed="0" skipped="0">
  <reporter-output>
  </reporter-output>
  <suite started-at="2024-10-28T16:02:50 PKT" name="Default suite" finished-at="2024-10-28T16:04:54 PKT" duration-ms="124037">
    <groups>
    </groups>
    <test started-at="2024-10-28T16:02:50 PKT" name="Default test" finished-at="2024-10-28T16:04:54 PKT" duration-ms="124037">
      <class name="Test.Iframe">
        <test-method signature="testBrowser()[pri:1, instance:Test.Iframe@fd0e5b6]" started-at="2024-10-28T16:02:50 PKT" name="testBrowser" finished-at="2024-10-28T16:03:45 PKT" duration-ms="55141" status="PASS">
          <reporter-output>
          </reporter-output>
        </test-method> <!-- testBrowser -->
        <test-method signature="SearchToys()[pri:2, instance:Test.Iframe@fd0e5b6]" started-at="2024-10-28T16:03:45 PKT" name="SearchToys" finished-at="2024-10-28T16:04:27 PKT" duration-ms="42227" status="PASS">
          <reporter-output>
          </reporter-output>
        </test-method> <!-- SearchToys -->
        <test-method signature="AddProducts_to_Cart()[pri:3, instance:Test.Iframe@fd0e5b6]" started-at="2024-10-28T16:04:27 PKT" name="AddProducts_to_Cart" finished-at="2024-10-28T16:04:30 PKT" duration-ms="2447" status="PASS">
          <reporter-output>
          </reporter-output>
        </test-method> <!-- AddProducts_to_Cart -->
        <test-method signature="validatePrice()[pri:4, instance:Test.Iframe@fd0e5b6]" started-at="2024-10-28T16:04:30 PKT" name="validatePrice" finished-at="2024-10-28T16:04:54 PKT" duration-ms="24191" status="PASS">
          <reporter-output>
          </reporter-output>
        </test-method> <!-- validatePrice -->
      </class> <!-- Test.Iframe -->
    </test> <!-- Default test -->
  </suite> <!-- Default suite -->
</testng-results>
