<?xml version="1.0" encoding="UTF-8"?>
<!-- Generated by org.testng.reporters.JUnitXMLReporter -->
<testsuite ignored="0" hostname="ShafiqRehman-MobileQA" failures="0" tests="4" name="Default test" time="124.037" errors="0" timestamp="2024-10-28T16:04:54 PKT">
  <testcase classname="Test.Iframe" name="testBrowser" time="55.141"/>
  <testcase classname="Test.Iframe" name="SearchToys" time="42.227"/>
  <testcase classname="Test.Iframe" name="AddProducts_to_Cart" time="2.447"/>
  <testcase classname="Test.Iframe" name="validatePrice" time="24.191"/>
</testsuite> <!-- Default test -->
