<?xml version="1.0" encoding="UTF-8"?>
<testsuite xmlns:xsi="http://www.w3.org/2001/XMLSchema-instance" xsi:noNamespaceSchemaLocation="https://maven.apache.org/surefire/maven-surefire-plugin/xsd/surefire-test-report-3.0.xsd" version="3.0" name="tests.BookingTest" time="9.54" tests="4" errors="0" skipped="0" failures="0">
  <properties>
[...]
</properties>
  <testcase name="createBooking" classname="tests.BookingTest" time="4.724">
    <system-out><![CDATA[{
    "bookingid": 2240,
    "booking": {
        "firstname": "testFirstName",
        "lastname": "lastName",
        "totalprice": 10,
        "depositpaid": true,
        "bookingdates": {
            "checkin": "2022-01-01",
            "checkout": "2024-01-01"
        },
        "additionalneeds": "testAdd"
    }
}
Id is2240
{
    "firstname": "testFirstName",
    "lastname": "lastName",
    "totalprice": 10,
    "depositpaid": true,
    "bookingdates": {
        "checkin": "2022-01-01",
        "checkout": "2024-01-01"
    },
    "additionalneeds": "testAdd"
}
]]></system-out>
  </testcase>
  <testcase name="testListBookingById" classname="tests.BookingTest" time="1.517">
    <system-out><![CDATA[{
    "firstname": "testFirstName",
    "lastname": "lastName",
    "totalprice": 10,
    "depositpaid": true,
    "bookingdates": {
        "checkin": "2022-01-01",
        "checkout": "2024-01-01"
    },
    "additionalneeds": "testAdd"
}
[checkin:2022-01-01, checkout:2024-01-01]
]]></system-out>
  </testcase>
  <testcase name="negativeTestInvalidBooking" classname="tests.BookingTest" time="1.231"/>
  <testcase name="negativeScenario2" classname="tests.BookingTest" time="1.455"/>
</testsuite>